<?xml version="1.0" encoding="UTF-8"?>
<testsuite name="in.paybio.sdk.ExampleUnitTest" tests="1" skipped="0" failures="0" errors="0" timestamp="2025-07-31T12:46:32" hostname="Akims-MacBook-Air.local" time="0.001">
  <properties/>
  <testcase name="addition_isCorrect" classname="in.paybio.sdk.ExampleUnitTest" time="0.001"/>
  <system-out><![CDATA[]]></system-out>
  <system-err><![CDATA[]]></system-err>
</testsuite>
